2015-04-14 18:21:50,729  WARN [Worker-0] - ScalaProject - Project HelloWorld has platform default sourceLevel.
2015-04-14 18:21:50,730  WARN [Worker-0] - ScalaProject - Project HelloWorld runs on platform default installation.
2015-04-14 18:22:28,387  WARN [Worker-4] - ScalaProject - Project HelloWorld has platform default sourceLevel.
2015-04-14 18:22:28,387  WARN [Worker-4] - ScalaProject - Project HelloWorld runs on platform default installation.
2015-04-14 18:22:33,922  WARN [Worker-1] - ScalaProject - Project HelloWorld has platform default sourceLevel.
2015-04-14 18:22:33,922  WARN [Worker-1] - ScalaProject - Project HelloWorld runs on platform default installation.
2015-04-14 18:23:50,086  WARN [main] - ScalaProject - Project HelloWorld has platform default sourceLevel.
2015-04-14 18:23:50,086  WARN [main] - ScalaProject - Project HelloWorld runs on platform default installation.
2015-04-14 18:24:27,909 ERROR [Worker-5] - System.err - SLF4J: Failed to load class "org.slf4j.impl.StaticLoggerBinder".
2015-04-14 18:24:27,910 ERROR [Worker-5] - System.err - SLF4J: Defaulting to no-operation (NOP) logger implementation
2015-04-14 18:24:27,910 ERROR [Worker-5] - System.err - SLF4J: See http://www.slf4j.org/codes.html#StaticLoggerBinder for further details.
2015-04-14 18:25:58,616  WARN [Worker-6] - ScalaProject - Project qe has platform default sourceLevel.
2015-04-14 18:25:58,616  WARN [Worker-6] - ScalaProject - Project qe runs on platform default installation.
2015-04-14 19:25:54,487 ERROR [main] - org.scala-ide.sdt.core - org.scala-ide.sdt.core - org.scala-ide.sdt.core - 0 - Throwable during asyncExec
scala.reflect.internal.FatalError: ThisType(value integers) for sym which is not a class
	at scala.reflect.internal.Reporting$class.abort(Reporting.scala:59)
	at scala.reflect.internal.SymbolTable.abort(SymbolTable.scala:16)
	at scala.reflect.internal.Types$ThisType.<init>(Types.scala:1167)
	at scala.reflect.internal.Types$UniqueThisType.<init>(Types.scala:1187)
	at scala.reflect.internal.Types$ThisType$.apply(Types.scala:1191)
	at scala.tools.nsc.interactive.Global.scala$tools$nsc$interactive$Global$$findMirrorSymbol(Global.scala:873)
	at scala.tools.nsc.interactive.Global$$anonfun$getDocComment$2$$anonfun$apply$16$$anonfun$apply$18.apply(Global.scala:946)
	at scala.tools.nsc.interactive.Global$$anonfun$getDocComment$2$$anonfun$apply$16$$anonfun$apply$18.apply(Global.scala:945)
	at scala.collection.TraversableLike$WithFilter$$anonfun$foreach$1.apply(TraversableLike.scala:778)
	at scala.collection.immutable.List.foreach(List.scala:381)
	at scala.collection.TraversableLike$WithFilter.foreach(TraversableLike.scala:777)
	at scala.tools.nsc.interactive.Global$$anonfun$getDocComment$2$$anonfun$apply$16.apply(Global.scala:945)
	at scala.tools.nsc.interactive.Global$$anonfun$getDocComment$2$$anonfun$apply$16.apply(Global.scala:944)
	at scala.tools.nsc.interactive.Global.scala$tools$nsc$interactive$Global$$withTempUnits(Global.scala:853)
	at scala.tools.nsc.interactive.Global$$anonfun$getDocComment$2.apply(Global.scala:944)
	at scala.tools.nsc.interactive.Global$$anonfun$getDocComment$2.apply(Global.scala:944)
	at scala.tools.nsc.interactive.Global$$anonfun$respond$1.apply(Global.scala:699)
	at scala.tools.nsc.interactive.Global$$anonfun$respond$1.apply(Global.scala:699)
	at scala.tools.nsc.interactive.Global.respondGradually(Global.scala:706)
	at scala.tools.nsc.interactive.Global.respond(Global.scala:699)
	at scala.tools.nsc.interactive.Global.getDocComment(Global.scala:943)
	at scala.tools.nsc.interactive.CompilerControl$AskDocCommentItem.apply$mcV$sp(CompilerControl.scala:376)
	at scala.tools.nsc.interactive.Global$$anonfun$pollForWork$1.apply$mcV$sp(Global.scala:504)
	at scala.util.control.Breaks.breakable(Breaks.scala:38)
	at scala.tools.nsc.interactive.Global.pollForWork(Global.scala:429)
	at scala.tools.nsc.interactive.PresentationCompilerThread.run(PresentationCompilerThread.scala:22)
